<?xml version="1.0" encoding="UTF-8"?>
<testsuite xmlns:xsi="http://www.w3.org/2001/XMLSchema-instance" xsi:schemaLocation="https://maven.apache.org/surefire/maven-surefire-plugin/xsd/surefire-test-report.xsd" name="TestSuite" time="94.052" tests="4" errors="0" skipped="0" failures="0">
  <properties>
[...]
</properties>
  <testcase name="signIn" classname="LoginPageTest" time="4.939"/>
  <testcase name="failSearchFlower" classname="FailSearchFlowerTest" time="12.622"/>
  <testcase name="searchFlower" classname="SearchFlowerTest" time="24.076"/>
  <testcase name="buyFlowerWithLogin" classname="BuyFlowerTest" time="11.696"/>
</testsuite>